2013-08-03 19:30:19 : Custoner Order started for Tarrant Cutler
2013-08-03 19:32:36 : Custoner Order started for Tarrant Cutler
2013-08-03 19:47:37 : Custoner Order started for Tarrant Cutler
2013-08-03 19:50:27 : Custoner Order started for Tarrant Cutler
2013-08-03 19:52:47 : Custoner Order started for Tarrant Cutler
2013-08-03 19:55:48 : Custoner Order started for Tarrant Cutler
2013-08-03 19:57:39 : Custoner Order started for Tarrant Cutler
2013-08-03 19:57:39 : Custoner Order pendig for  Tarrant Cutler
2013-08-03 20:00:13 : Custoner Order started for Tarrant Cutler
2013-08-03 20:00:13 : Custoner Order pendig for  Tarrant Cutler
2013-08-03 20:01:30 : Custoner Order started for Tarrant Cutler
2013-08-03 20:01:31 : Custoner Order pendig for  Tarrant Cutler
2013-08-03 20:18:25 : Custoner Order started for Tarrant Cutler
2013-08-03 20:18:26 : Custoner Order pendig for  Tarrant Cutler
2013-08-03 20:47:44 : Custoner Order started for Tarrant Cutler
2013-08-03 20:47:44 : Custoner Order pendig for  Tarrant Cutler
2013-08-03 20:56:32 : Custoner Order started for Tarrant Cutler
2013-08-03 20:56:33 : Custoner Order pendig for  Tarrant Cutler
2013-08-03 20:57:35 : Custoner Order started for Tarrant Cutler
2013-08-03 20:57:35 : Custoner Order pendig for  Tarrant Cutler
2013-08-03 21:03:30 : Custoner Order started for Tarrant Cutler
2013-08-03 21:03:31 : Custoner Order pendig for  Tarrant Cutler
2013-08-03 21:16:09 : Custoner Order started for Tarrant Cutler
2013-08-03 21:16:09 : Custoner Order pendig for  Tarrant Cutler
2013-08-03 21:40:33 : Custoner Order started for 
2013-08-03 21:40:33 : Custoner Order pendig for  
2013-08-03 22:04:22 : Custoner Order started for Tarrant Cutler
2013-08-03 22:04:23 : Custoner Order pendig for  Tarrant Cutler
2013-08-03 22:07:01 : Custoner Order started for Tarrant Cutler
2013-08-03 22:10:20 : Custoner Order started for Tarrant Cutler
2013-08-03 22:10:21 : Custoner Order pendig for  Tarrant Cutler
2013-08-04 17:08:11 : Custoner Order started for Tarrant Cutler
2013-08-04 17:08:11 : Custoner Order pendig for  Tarrant Cutler
2013-08-04 17:14:57 : Custoner Order started for Tarrant Cutler
2013-08-04 17:14:57 : Custoner Order pendig for  Tarrant Cutler
2013-08-04 17:27:08 : Custoner Order started for Tarrant Cutler
2013-08-04 17:27:08 : Custoner Order pendig for  Tarrant Cutler
2013-08-04 19:58:33 : Custoner Order Confirmation started for customer id: 
2013-08-04 19:59:07 : Custoner Order Confirmation started for customer id: 
2013-08-04 19:59:34 : Custoner Order Confirmation started for customer id: 
2013-08-04 20:09:56 : Custoner Order Confirmation started for customer id: 
2013-08-04 20:11:07 : Custoner Order Confirmation started for customer id: 
2013-08-04 20:13:19 : Custoner Order Confirmation started for customer id: 
2013-08-04 20:14:02 : Custoner Order Confirmation started for customer id: 
2013-08-04 20:14:57 : Custoner Order Confirmation started for customer id: 
2013-08-04 20:15:36 : Custoner Order Confirmation started for customer id: 
2013-08-04 20:19:00 : Custoner Order Confirmation started for customer id: 
2013-08-04 20:19:00 : Custoner Order Confirmed paid for  Tarrant Cutler
2013-08-04 20:20:36 : Custoner Order Confirmation started for customer id: 
2013-08-04 20:20:36 : Custoner Order Confirmed paid for  Tarrant Cutler
2013-08-04 20:21:28 : Custoner Order Confirmation started for customer id: 
2013-08-04 20:21:28 : Custoner Order Confirmed paid for  Tarrant Cutler
2013-08-04 20:22:01 : Custoner Order Confirmation started for customer id: 
2013-08-04 20:22:02 : Custoner Order Confirmed paid for  Tarrant Cutler
2013-08-04 20:22:47 : Custoner Order Confirmation started for customer id: 
2013-08-04 20:22:47 : Custoner Order Confirmed paid for  Tarrant Cutler
2013-08-04 20:23:20 : Custoner Order Confirmation started for customer id: 
2013-08-04 20:23:20 : Custoner Order Confirmed paid for  Tarrant Cutler
2013-08-04 20:23:24 : Custoner Order Confirmation started for customer id: 
2013-08-04 20:23:24 : Custoner Order Confirmed paid for  Tarrant Cutler
2013-08-04 20:23:32 : Custoner Order Confirmation started for customer id: 
2013-08-04 20:23:32 : Custoner Order Confirmed paid for  Tarrant Cutler
2013-08-04 20:24:12 : Custoner Order started for Tarrant Cutler
2013-08-04 20:24:12 : Custoner Order pendig for  Tarrant Cutler
2013-08-04 20:27:24 : Custoner Order Confirmation started for customer id: 
2013-08-04 20:27:24 : Custoner Order Confirmed paid for  Tarrant Cutler
